<?xml version="1.0" encoding="UTF-8"?>
<!-- Generated by org.testng.reporters.JUnitReportReporter -->
<testsuite hostname="Sivamuni" name="TestNG.TestNGDemo" tests="2" failures="0" timestamp="26 Dec 2019 03:18:21 GMT" time="0.000" errors="0">
  <testcase name="methodA" time="0.000" classname="TestNG.TestNGDemo"/>
  <testcase name="methodAB" time="0.000" classname="TestNG.TestNGDemo"/>
</testsuite> <!-- TestNG.TestNGDemo -->
