<?xml version="1.0" encoding="UTF-8"?>
<!-- Generated by org.testng.reporters.JUnitReportReporter -->
<testsuite hostname="Sivamuni" name="TestNG.TestNGFirst" tests="1" failures="0" timestamp="26 Dec 2019 03:12:27 GMT" time="41.663" errors="0">
  <testcase name="beforeMethod" time="41.663" classname="TestNG.TestNGFirst"/>
</testsuite> <!-- TestNG.TestNGFirst -->
